0 info it worked if it ends with ok
1 verbose cli [ '/usr/bin/nodejs', '/usr/bin/npm', 'start' ]
2 info using npm@3.10.8
3 info using node@v6.9.1
4 verbose run-script [ 'prestart', 'start', 'poststart' ]
5 info lifecycle pet-mais@1.0.0~prestart: pet-mais@1.0.0
6 silly lifecycle pet-mais@1.0.0~prestart: no script for prestart, continuing
7 info lifecycle pet-mais@1.0.0~start: pet-mais@1.0.0
8 verbose lifecycle pet-mais@1.0.0~start: unsafe-perm in lifecycle true
9 verbose lifecycle pet-mais@1.0.0~start: PATH: /usr/lib/node_modules/npm/bin/node-gyp-bin:/home/andypax/www/pettour/node_modules/.bin:/home/andypax/bin:/home/andypax/.local/bin:/usr/local/sbin:/usr/local/bin:/usr/sbin:/usr/bin:/sbin:/bin:/usr/games:/usr/local/games:/snap/bin:/usr/lib/jvm/java-8-oracle/bin:/usr/lib/jvm/java-8-oracle/db/bin:/usr/lib/jvm/java-8-oracle/jre/bin
10 verbose lifecycle pet-mais@1.0.0~start: CWD: /home/andypax/www/pettour
11 silly lifecycle pet-mais@1.0.0~start: Args: [ '-c', 'tsc && concurrently "tsc -w" "lite-server" ' ]
12 silly lifecycle pet-mais@1.0.0~start: Returned: code: 2  signal: null
13 info lifecycle pet-mais@1.0.0~start: Failed to exec start script
14 verbose stack Error: pet-mais@1.0.0 start: `tsc && concurrently "tsc -w" "lite-server" `
14 verbose stack Exit status 2
14 verbose stack     at EventEmitter.<anonymous> (/usr/lib/node_modules/npm/lib/utils/lifecycle.js:255:16)
14 verbose stack     at emitTwo (events.js:106:13)
14 verbose stack     at EventEmitter.emit (events.js:191:7)
14 verbose stack     at ChildProcess.<anonymous> (/usr/lib/node_modules/npm/lib/utils/spawn.js:40:14)
14 verbose stack     at emitTwo (events.js:106:13)
14 verbose stack     at ChildProcess.emit (events.js:191:7)
14 verbose stack     at maybeClose (internal/child_process.js:877:16)
14 verbose stack     at Process.ChildProcess._handle.onexit (internal/child_process.js:226:5)
15 verbose pkgid pet-mais@1.0.0
16 verbose cwd /home/andypax/www/pettour
17 error Linux 4.4.0-47-generic
18 error argv "/usr/bin/nodejs" "/usr/bin/npm" "start"
19 error node v6.9.1
20 error npm  v3.10.8
21 error code ELIFECYCLE
22 error pet-mais@1.0.0 start: `tsc && concurrently "tsc -w" "lite-server" `
22 error Exit status 2
23 error Failed at the pet-mais@1.0.0 start script 'tsc && concurrently "tsc -w" "lite-server" '.
23 error Make sure you have the latest version of node.js and npm installed.
23 error If you do, this is most likely a problem with the pet-mais package,
23 error not with npm itself.
23 error Tell the author that this fails on your system:
23 error     tsc && concurrently "tsc -w" "lite-server"
23 error You can get information on how to open an issue for this project with:
23 error     npm bugs pet-mais
23 error Or if that isn't available, you can get their info via:
23 error     npm owner ls pet-mais
23 error There is likely additional logging output above.
24 verbose exit [ 1, true ]
